2018-12-18T21:34:30.2122707+05:00|INF||||Starting up
2018-12-18T21:46:34.6500266+05:00|INF||||Starting up
2018-12-18T21:47:34.2600266+05:00|INF||||Starting up
2018-12-18T21:54:12.7930266+05:00|INF||||Starting up
2018-12-18T21:54:43.4410266+05:00|ERR|0HLJ515O6BOLF:00000001||Microsoft.AspNetCore.Diagnostics.DeveloperExceptionPageMiddleware|An unhandled exception has occurred while executing the request.
System.InvalidOperationException: The property 'Product' is not a navigation property of entity type 'Order'. The 'Include(string)' method can only be used with a '.' separated list of navigation property names.
   at Microsoft.EntityFrameworkCore.Query.Internal.IncludeCompiler.WalkNavigations(IEntityType entityType, IReadOnlyList`1 navigationPropertyPaths, IncludeLoadTree includeLoadTree, Boolean shouldThrow)
   at Microsoft.EntityFrameworkCore.Query.Internal.IncludeCompiler.TryPopulateIncludeLoadTree(IncludeResultOperator includeResultOperator, IncludeLoadTree includeLoadTree, Boolean shouldThrow)
   at Microsoft.EntityFrameworkCore.Query.Internal.IncludeCompiler.CreateIncludeLoadTrees(QueryModel queryModel, Boolean shouldThrow)
   at Microsoft.EntityFrameworkCore.Query.Internal.IncludeCompiler.CompileIncludes(QueryModel queryModel, Boolean trackingQuery, Boolean asyncQuery, Boolean shouldThrow)
   at Microsoft.EntityFrameworkCore.Query.EntityQueryModelVisitor.OptimizeQueryModel(QueryModel queryModel, Boolean asyncQuery)
   at Microsoft.EntityFrameworkCore.Query.RelationalQueryModelVisitor.OptimizeQueryModel(QueryModel queryModel, Boolean asyncQuery)
   at Microsoft.EntityFrameworkCore.Query.EntityQueryModelVisitor.CreateAsyncQueryExecutor[TResult](QueryModel queryModel)
   at Microsoft.EntityFrameworkCore.Storage.Database.CompileAsyncQuery[TResult](QueryModel queryModel)
   at Microsoft.EntityFrameworkCore.Query.Internal.QueryCompiler.CompileAsyncQueryCore[TResult](Expression query, IQueryModelGenerator queryModelGenerator, IDatabase database)
   at Microsoft.EntityFrameworkCore.Query.Internal.QueryCompiler.<>c__DisplayClass22_0`1.<CompileAsyncQuery>b__0()
   at Microsoft.EntityFrameworkCore.Query.Internal.CompiledQueryCache.GetOrAddQueryCore[TFunc](Object cacheKey, Func`1 compiler)
   at Microsoft.EntityFrameworkCore.Query.Internal.CompiledQueryCache.GetOrAddAsyncQuery[TResult](Object cacheKey, Func`1 compiler)
   at Microsoft.EntityFrameworkCore.Query.Internal.QueryCompiler.CompileAsyncQuery[TResult](Expression query)
   at Microsoft.EntityFrameworkCore.Query.Internal.QueryCompiler.ExecuteAsync[TResult](Expression query)
   at Microsoft.EntityFrameworkCore.Query.Internal.EntityQueryProvider.ExecuteAsync[TResult](Expression expression)
   at Microsoft.EntityFrameworkCore.Query.Internal.EntityQueryable`1.System.Collections.Generic.IAsyncEnumerable<TResult>.GetEnumerator()
   at Microsoft.EntityFrameworkCore.EntityFrameworkQueryableExtensions.IncludableQueryable`2.System.Collections.Generic.IAsyncEnumerable<TEntity>.GetEnumerator()
   at System.Linq.AsyncEnumerable.Aggregate_[TSource,TAccumulate,TResult](IAsyncEnumerable`1 source, TAccumulate seed, Func`3 accumulator, Func`2 resultSelector, CancellationToken cancellationToken) in D:\a\1\s\Ix.NET\Source\System.Interactive.Async\Aggregate.cs:line 118
   at Sales.Repositories.OrderRepository.GetAsync(DateTime periodStart, DateTime periodEnd) in C:\Projects\Sales\Sales\Repositories\OrderRepository.cs:line 29
   at Sales.Services.OrderService.GetOrders(DateTime dateFrom, DateTime dateEnd) in C:\Projects\Sales\Sales\Services\OrderService.cs:line 25
   at Sales.Services.ExcelService.ExportReport(Nullable`1 dateStart, Nullable`1 dateEnd) in C:\Projects\Sales\Sales\Services\ExcelService.cs:line 49
   at Sales.Controllers.OrderController.ToExcel(DateTime dateFrom, DateTime dateTo) in C:\Projects\Sales\Sales\Controllers\OrderController.cs:line 32
   at Microsoft.AspNetCore.Mvc.Internal.ActionMethodExecutor.TaskOfIActionResultExecutor.Execute(IActionResultTypeMapper mapper, ObjectMethodExecutor executor, Object controller, Object[] arguments)
   at System.Threading.Tasks.ValueTask`1.get_Result()
   at Microsoft.AspNetCore.Mvc.Internal.ControllerActionInvoker.InvokeActionMethodAsync()
   at Microsoft.AspNetCore.Mvc.Internal.ControllerActionInvoker.InvokeNextActionFilterAsync()
   at Microsoft.AspNetCore.Mvc.Internal.ControllerActionInvoker.Rethrow(ActionExecutedContext context)
   at Microsoft.AspNetCore.Mvc.Internal.ControllerActionInvoker.Next(State& next, Scope& scope, Object& state, Boolean& isCompleted)
   at Microsoft.AspNetCore.Mvc.Internal.ControllerActionInvoker.InvokeInnerFilterAsync()
   at Microsoft.AspNetCore.Mvc.Internal.ResourceInvoker.InvokeNextResourceFilter()
   at Microsoft.AspNetCore.Mvc.Internal.ResourceInvoker.Rethrow(ResourceExecutedContext context)
   at Microsoft.AspNetCore.Mvc.Internal.ResourceInvoker.Next(State& next, Scope& scope, Object& state, Boolean& isCompleted)
   at Microsoft.AspNetCore.Mvc.Internal.ResourceInvoker.InvokeFilterPipelineAsync()
   at Microsoft.AspNetCore.Mvc.Internal.ResourceInvoker.InvokeAsync()
   at Microsoft.AspNetCore.Builder.RouterMiddleware.Invoke(HttpContext httpContext)
   at Microsoft.AspNetCore.StaticFiles.StaticFileMiddleware.Invoke(HttpContext context)
   at Microsoft.AspNetCore.Diagnostics.DeveloperExceptionPageMiddleware.Invoke(HttpContext context)
2018-12-18T22:06:51.9520266+05:00|INF||||Starting up
2018-12-18T22:07:17.2250266+05:00|ERR|0HLJ51CQG8FPF:00000001||Microsoft.AspNetCore.Diagnostics.DeveloperExceptionPageMiddleware|An unhandled exception has occurred while executing the request.
System.InvalidOperationException: The property 'Product' is not a navigation property of entity type 'Order'. The 'Include(string)' method can only be used with a '.' separated list of navigation property names.
   at Microsoft.EntityFrameworkCore.Query.Internal.IncludeCompiler.WalkNavigations(IEntityType entityType, IReadOnlyList`1 navigationPropertyPaths, IncludeLoadTree includeLoadTree, Boolean shouldThrow)
   at Microsoft.EntityFrameworkCore.Query.Internal.IncludeCompiler.TryPopulateIncludeLoadTree(IncludeResultOperator includeResultOperator, IncludeLoadTree includeLoadTree, Boolean shouldThrow)
   at Microsoft.EntityFrameworkCore.Query.Internal.IncludeCompiler.CreateIncludeLoadTrees(QueryModel queryModel, Boolean shouldThrow)
   at Microsoft.EntityFrameworkCore.Query.Internal.IncludeCompiler.CompileIncludes(QueryModel queryModel, Boolean trackingQuery, Boolean asyncQuery, Boolean shouldThrow)
   at Microsoft.EntityFrameworkCore.Query.EntityQueryModelVisitor.OptimizeQueryModel(QueryModel queryModel, Boolean asyncQuery)
   at Microsoft.EntityFrameworkCore.Query.RelationalQueryModelVisitor.OptimizeQueryModel(QueryModel queryModel, Boolean asyncQuery)
   at Microsoft.EntityFrameworkCore.Query.EntityQueryModelVisitor.CreateAsyncQueryExecutor[TResult](QueryModel queryModel)
   at Microsoft.EntityFrameworkCore.Storage.Database.CompileAsyncQuery[TResult](QueryModel queryModel)
   at Microsoft.EntityFrameworkCore.Query.Internal.QueryCompiler.CompileAsyncQueryCore[TResult](Expression query, IQueryModelGenerator queryModelGenerator, IDatabase database)
   at Microsoft.EntityFrameworkCore.Query.Internal.QueryCompiler.<>c__DisplayClass22_0`1.<CompileAsyncQuery>b__0()
   at Microsoft.EntityFrameworkCore.Query.Internal.CompiledQueryCache.GetOrAddQueryCore[TFunc](Object cacheKey, Func`1 compiler)
   at Microsoft.EntityFrameworkCore.Query.Internal.CompiledQueryCache.GetOrAddAsyncQuery[TResult](Object cacheKey, Func`1 compiler)
   at Microsoft.EntityFrameworkCore.Query.Internal.QueryCompiler.CompileAsyncQuery[TResult](Expression query)
   at Microsoft.EntityFrameworkCore.Query.Internal.QueryCompiler.ExecuteAsync[TResult](Expression query)
   at Microsoft.EntityFrameworkCore.Query.Internal.EntityQueryProvider.ExecuteAsync[TResult](Expression expression)
   at Microsoft.EntityFrameworkCore.Query.Internal.EntityQueryable`1.System.Collections.Generic.IAsyncEnumerable<TResult>.GetEnumerator()
   at Microsoft.EntityFrameworkCore.EntityFrameworkQueryableExtensions.IncludableQueryable`2.System.Collections.Generic.IAsyncEnumerable<TEntity>.GetEnumerator()
   at System.Linq.AsyncEnumerable.Aggregate_[TSource,TAccumulate,TResult](IAsyncEnumerable`1 source, TAccumulate seed, Func`3 accumulator, Func`2 resultSelector, CancellationToken cancellationToken) in D:\a\1\s\Ix.NET\Source\System.Interactive.Async\Aggregate.cs:line 118
   at Sales.Repositories.OrderRepository.GetAsync(DateTime periodStart, DateTime periodEnd) in C:\Projects\Sales\Sales\Repositories\OrderRepository.cs:line 29
   at Sales.Services.OrderService.GetOrders(DateTime dateFrom, DateTime dateEnd) in C:\Projects\Sales\Sales\Services\OrderService.cs:line 25
   at Sales.Services.ExcelService.ExportReport(Nullable`1 dateStart, Nullable`1 dateEnd) in C:\Projects\Sales\Sales\Services\ExcelService.cs:line 49
   at Sales.Controllers.OrderController.ToExcel(DateTime dateFrom, DateTime dateTo) in C:\Projects\Sales\Sales\Controllers\OrderController.cs:line 32
   at Microsoft.AspNetCore.Mvc.Internal.ActionMethodExecutor.TaskOfIActionResultExecutor.Execute(IActionResultTypeMapper mapper, ObjectMethodExecutor executor, Object controller, Object[] arguments)
   at System.Threading.Tasks.ValueTask`1.get_Result()
   at Microsoft.AspNetCore.Mvc.Internal.ControllerActionInvoker.InvokeActionMethodAsync()
   at Microsoft.AspNetCore.Mvc.Internal.ControllerActionInvoker.InvokeNextActionFilterAsync()
   at Microsoft.AspNetCore.Mvc.Internal.ControllerActionInvoker.Rethrow(ActionExecutedContext context)
   at Microsoft.AspNetCore.Mvc.Internal.ControllerActionInvoker.Next(State& next, Scope& scope, Object& state, Boolean& isCompleted)
   at Microsoft.AspNetCore.Mvc.Internal.ControllerActionInvoker.InvokeInnerFilterAsync()
   at Microsoft.AspNetCore.Mvc.Internal.ResourceInvoker.InvokeNextResourceFilter()
   at Microsoft.AspNetCore.Mvc.Internal.ResourceInvoker.Rethrow(ResourceExecutedContext context)
   at Microsoft.AspNetCore.Mvc.Internal.ResourceInvoker.Next(State& next, Scope& scope, Object& state, Boolean& isCompleted)
   at Microsoft.AspNetCore.Mvc.Internal.ResourceInvoker.InvokeFilterPipelineAsync()
   at Microsoft.AspNetCore.Mvc.Internal.ResourceInvoker.InvokeAsync()
   at Microsoft.AspNetCore.Builder.RouterMiddleware.Invoke(HttpContext httpContext)
   at Microsoft.AspNetCore.StaticFiles.StaticFileMiddleware.Invoke(HttpContext context)
   at Microsoft.AspNetCore.Diagnostics.DeveloperExceptionPageMiddleware.Invoke(HttpContext context)
2018-12-18T22:09:58.5648957+05:00|INF||||Starting up
2018-12-18T22:10:12.4182809+05:00|ERR|0HLJ51EI23AV2:00000001||Microsoft.AspNetCore.Diagnostics.DeveloperExceptionPageMiddleware|An unhandled exception has occurred while executing the request.
System.InvalidOperationException: The property 'Product' is not a navigation property of entity type 'Order'. The 'Include(string)' method can only be used with a '.' separated list of navigation property names.
   at Microsoft.EntityFrameworkCore.Query.Internal.IncludeCompiler.WalkNavigations(IEntityType entityType, IReadOnlyList`1 navigationPropertyPaths, IncludeLoadTree includeLoadTree, Boolean shouldThrow)
   at Microsoft.EntityFrameworkCore.Query.Internal.IncludeCompiler.TryPopulateIncludeLoadTree(IncludeResultOperator includeResultOperator, IncludeLoadTree includeLoadTree, Boolean shouldThrow)
   at Microsoft.EntityFrameworkCore.Query.Internal.IncludeCompiler.CreateIncludeLoadTrees(QueryModel queryModel, Boolean shouldThrow)
   at Microsoft.EntityFrameworkCore.Query.Internal.IncludeCompiler.CompileIncludes(QueryModel queryModel, Boolean trackingQuery, Boolean asyncQuery, Boolean shouldThrow)
   at Microsoft.EntityFrameworkCore.Query.EntityQueryModelVisitor.OptimizeQueryModel(QueryModel queryModel, Boolean asyncQuery)
   at Microsoft.EntityFrameworkCore.Query.RelationalQueryModelVisitor.OptimizeQueryModel(QueryModel queryModel, Boolean asyncQuery)
   at Microsoft.EntityFrameworkCore.Query.EntityQueryModelVisitor.CreateAsyncQueryExecutor[TResult](QueryModel queryModel)
   at Microsoft.EntityFrameworkCore.Storage.Database.CompileAsyncQuery[TResult](QueryModel queryModel)
   at Microsoft.EntityFrameworkCore.Query.Internal.QueryCompiler.CompileAsyncQueryCore[TResult](Expression query, IQueryModelGenerator queryModelGenerator, IDatabase database)
   at Microsoft.EntityFrameworkCore.Query.Internal.QueryCompiler.<>c__DisplayClass22_0`1.<CompileAsyncQuery>b__0()
   at Microsoft.EntityFrameworkCore.Query.Internal.CompiledQueryCache.GetOrAddQueryCore[TFunc](Object cacheKey, Func`1 compiler)
   at Microsoft.EntityFrameworkCore.Query.Internal.CompiledQueryCache.GetOrAddAsyncQuery[TResult](Object cacheKey, Func`1 compiler)
   at Microsoft.EntityFrameworkCore.Query.Internal.QueryCompiler.CompileAsyncQuery[TResult](Expression query)
   at Microsoft.EntityFrameworkCore.Query.Internal.QueryCompiler.ExecuteAsync[TResult](Expression query)
   at Microsoft.EntityFrameworkCore.Query.Internal.EntityQueryProvider.ExecuteAsync[TResult](Expression expression)
   at Microsoft.EntityFrameworkCore.Query.Internal.EntityQueryable`1.System.Collections.Generic.IAsyncEnumerable<TResult>.GetEnumerator()
   at Microsoft.EntityFrameworkCore.EntityFrameworkQueryableExtensions.IncludableQueryable`2.System.Collections.Generic.IAsyncEnumerable<TEntity>.GetEnumerator()
   at System.Linq.AsyncEnumerable.Aggregate_[TSource,TAccumulate,TResult](IAsyncEnumerable`1 source, TAccumulate seed, Func`3 accumulator, Func`2 resultSelector, CancellationToken cancellationToken) in D:\a\1\s\Ix.NET\Source\System.Interactive.Async\Aggregate.cs:line 118
   at Sales.Repositories.OrderRepository.GetAsync(DateTime periodStart, DateTime periodEnd) in C:\Projects\Sales\Sales\Repositories\OrderRepository.cs:line 29
   at Sales.Services.OrderService.GetOrders(DateTime dateFrom, DateTime dateEnd) in C:\Projects\Sales\Sales\Services\OrderService.cs:line 25
   at Sales.Services.ExcelService.ExportReport(Nullable`1 dateStart, Nullable`1 dateEnd) in C:\Projects\Sales\Sales\Services\ExcelService.cs:line 49
   at Sales.Controllers.OrderController.ToExcel(DateTime dateFrom, DateTime dateTo) in C:\Projects\Sales\Sales\Controllers\OrderController.cs:line 32
   at Microsoft.AspNetCore.Mvc.Internal.ActionMethodExecutor.TaskOfIActionResultExecutor.Execute(IActionResultTypeMapper mapper, ObjectMethodExecutor executor, Object controller, Object[] arguments)
   at System.Threading.Tasks.ValueTask`1.get_Result()
   at Microsoft.AspNetCore.Mvc.Internal.ControllerActionInvoker.InvokeActionMethodAsync()
   at Microsoft.AspNetCore.Mvc.Internal.ControllerActionInvoker.InvokeNextActionFilterAsync()
   at Microsoft.AspNetCore.Mvc.Internal.ControllerActionInvoker.Rethrow(ActionExecutedContext context)
   at Microsoft.AspNetCore.Mvc.Internal.ControllerActionInvoker.Next(State& next, Scope& scope, Object& state, Boolean& isCompleted)
   at Microsoft.AspNetCore.Mvc.Internal.ControllerActionInvoker.InvokeInnerFilterAsync()
   at Microsoft.AspNetCore.Mvc.Internal.ResourceInvoker.InvokeNextResourceFilter()
   at Microsoft.AspNetCore.Mvc.Internal.ResourceInvoker.Rethrow(ResourceExecutedContext context)
   at Microsoft.AspNetCore.Mvc.Internal.ResourceInvoker.Next(State& next, Scope& scope, Object& state, Boolean& isCompleted)
   at Microsoft.AspNetCore.Mvc.Internal.ResourceInvoker.InvokeFilterPipelineAsync()
   at Microsoft.AspNetCore.Mvc.Internal.ResourceInvoker.InvokeAsync()
   at Microsoft.AspNetCore.Builder.RouterMiddleware.Invoke(HttpContext httpContext)
   at Microsoft.AspNetCore.StaticFiles.StaticFileMiddleware.Invoke(HttpContext context)
   at Microsoft.AspNetCore.Diagnostics.DeveloperExceptionPageMiddleware.Invoke(HttpContext context)
2018-12-18T22:12:33.0163393+05:00|INF||||Starting up
2018-12-18T22:13:07.5007874+05:00|ERR|0HLJ51G02VDUD:00000001||Microsoft.AspNetCore.Diagnostics.DeveloperExceptionPageMiddleware|An unhandled exception has occurred while executing the request.
System.InvalidOperationException: The property 'OrderDetail' is not a navigation property of entity type 'Order'. The 'Include(string)' method can only be used with a '.' separated list of navigation property names.
   at Microsoft.EntityFrameworkCore.Query.Internal.IncludeCompiler.WalkNavigations(IEntityType entityType, IReadOnlyList`1 navigationPropertyPaths, IncludeLoadTree includeLoadTree, Boolean shouldThrow)
   at Microsoft.EntityFrameworkCore.Query.Internal.IncludeCompiler.TryPopulateIncludeLoadTree(IncludeResultOperator includeResultOperator, IncludeLoadTree includeLoadTree, Boolean shouldThrow)
   at Microsoft.EntityFrameworkCore.Query.Internal.IncludeCompiler.CreateIncludeLoadTrees(QueryModel queryModel, Boolean shouldThrow)
   at Microsoft.EntityFrameworkCore.Query.Internal.IncludeCompiler.CompileIncludes(QueryModel queryModel, Boolean trackingQuery, Boolean asyncQuery, Boolean shouldThrow)
   at Microsoft.EntityFrameworkCore.Query.EntityQueryModelVisitor.OptimizeQueryModel(QueryModel queryModel, Boolean asyncQuery)
   at Microsoft.EntityFrameworkCore.Query.RelationalQueryModelVisitor.OptimizeQueryModel(QueryModel queryModel, Boolean asyncQuery)
   at Microsoft.EntityFrameworkCore.Query.EntityQueryModelVisitor.CreateAsyncQueryExecutor[TResult](QueryModel queryModel)
   at Microsoft.EntityFrameworkCore.Storage.Database.CompileAsyncQuery[TResult](QueryModel queryModel)
   at Microsoft.EntityFrameworkCore.Query.Internal.QueryCompiler.CompileAsyncQueryCore[TResult](Expression query, IQueryModelGenerator queryModelGenerator, IDatabase database)
   at Microsoft.EntityFrameworkCore.Query.Internal.QueryCompiler.<>c__DisplayClass22_0`1.<CompileAsyncQuery>b__0()
   at Microsoft.EntityFrameworkCore.Query.Internal.CompiledQueryCache.GetOrAddQueryCore[TFunc](Object cacheKey, Func`1 compiler)
   at Microsoft.EntityFrameworkCore.Query.Internal.CompiledQueryCache.GetOrAddAsyncQuery[TResult](Object cacheKey, Func`1 compiler)
   at Microsoft.EntityFrameworkCore.Query.Internal.QueryCompiler.CompileAsyncQuery[TResult](Expression query)
   at Microsoft.EntityFrameworkCore.Query.Internal.QueryCompiler.ExecuteAsync[TResult](Expression query)
   at Microsoft.EntityFrameworkCore.Query.Internal.EntityQueryProvider.ExecuteAsync[TResult](Expression expression)
   at Microsoft.EntityFrameworkCore.Query.Internal.EntityQueryable`1.System.Collections.Generic.IAsyncEnumerable<TResult>.GetEnumerator()
   at Microsoft.EntityFrameworkCore.EntityFrameworkQueryableExtensions.IncludableQueryable`2.System.Collections.Generic.IAsyncEnumerable<TEntity>.GetEnumerator()
   at System.Linq.AsyncEnumerable.Aggregate_[TSource,TAccumulate,TResult](IAsyncEnumerable`1 source, TAccumulate seed, Func`3 accumulator, Func`2 resultSelector, CancellationToken cancellationToken) in D:\a\1\s\Ix.NET\Source\System.Interactive.Async\Aggregate.cs:line 118
   at Sales.Repositories.OrderRepository.GetAsync(DateTime periodStart, DateTime periodEnd) in C:\Projects\Sales\Sales\Repositories\OrderRepository.cs:line 26
   at Sales.Services.OrderService.GetOrders(DateTime dateFrom, DateTime dateEnd) in C:\Projects\Sales\Sales\Services\OrderService.cs:line 25
   at Sales.Services.ExcelService.ExportReport(Nullable`1 dateStart, Nullable`1 dateEnd) in C:\Projects\Sales\Sales\Services\ExcelService.cs:line 49
   at Sales.Controllers.OrderController.ToExcel(DateTime dateFrom, DateTime dateTo) in C:\Projects\Sales\Sales\Controllers\OrderController.cs:line 32
   at Microsoft.AspNetCore.Mvc.Internal.ActionMethodExecutor.TaskOfIActionResultExecutor.Execute(IActionResultTypeMapper mapper, ObjectMethodExecutor executor, Object controller, Object[] arguments)
   at System.Threading.Tasks.ValueTask`1.get_Result()
   at Microsoft.AspNetCore.Mvc.Internal.ControllerActionInvoker.InvokeActionMethodAsync()
   at Microsoft.AspNetCore.Mvc.Internal.ControllerActionInvoker.InvokeNextActionFilterAsync()
   at Microsoft.AspNetCore.Mvc.Internal.ControllerActionInvoker.Rethrow(ActionExecutedContext context)
   at Microsoft.AspNetCore.Mvc.Internal.ControllerActionInvoker.Next(State& next, Scope& scope, Object& state, Boolean& isCompleted)
   at Microsoft.AspNetCore.Mvc.Internal.ControllerActionInvoker.InvokeInnerFilterAsync()
   at Microsoft.AspNetCore.Mvc.Internal.ResourceInvoker.InvokeNextResourceFilter()
   at Microsoft.AspNetCore.Mvc.Internal.ResourceInvoker.Rethrow(ResourceExecutedContext context)
   at Microsoft.AspNetCore.Mvc.Internal.ResourceInvoker.Next(State& next, Scope& scope, Object& state, Boolean& isCompleted)
   at Microsoft.AspNetCore.Mvc.Internal.ResourceInvoker.InvokeFilterPipelineAsync()
   at Microsoft.AspNetCore.Mvc.Internal.ResourceInvoker.InvokeAsync()
   at Microsoft.AspNetCore.Builder.RouterMiddleware.Invoke(HttpContext httpContext)
   at Microsoft.AspNetCore.StaticFiles.StaticFileMiddleware.Invoke(HttpContext context)
   at Microsoft.AspNetCore.Diagnostics.DeveloperExceptionPageMiddleware.Invoke(HttpContext context)
2018-12-18T22:17:20.4010749+05:00|INF||||Starting up
2018-12-18T22:18:47.0710232+05:00|INF||||Starting up
2018-12-18T22:31:51.2170232+05:00|INF||||Starting up
2018-12-18T22:35:01.8780232+05:00|INF||||Starting up
2018-12-18T22:36:28.9000232+05:00|INF||||Starting up
2018-12-18T22:40:26.8720232+05:00|INF||||Starting up
2018-12-18T22:40:48.9970232+05:00|ERR|0HLJ51VJ1ENUQ:00000002||Microsoft.EntityFrameworkCore.Database.Command|Failed executing DbCommand ("5"ms) [Parameters=[""], CommandType='Text', CommandTimeout='30']"
""SELECT \"order.OrderDetail\".\"OrderID\", \"order.OrderDetail\".\"ProductID\", \"order.OrderDetail\".\"ID\", \"order.OrderDetail\".\"Quantity\", \"o.Product\".\"ID\", \"o.Product\".\"Name\", \"o.Product\".\"OrderID\", \"o.Product\".\"UnitPrice\"
FROM \"OrderDetail\" AS \"order.OrderDetail\"
INNER JOIN \"Product\" AS \"o.Product\" ON \"order.OrderDetail\".\"ProductID\" = \"o.Product\".\"ID\"
INNER JOIN (
    SELECT \"order0\".\"ID\"
    FROM \"Order\" AS \"order0\"
) AS \"t\" ON \"order.OrderDetail\".\"OrderID\" = \"t\".\"ID\"
ORDER BY \"t\".\"ID\""
Microsoft.Data.Sqlite.SqliteException (0x80004005): SQLite Error 1: 'no such column: o.Product.OrderID'.
   at Microsoft.Data.Sqlite.SqliteException.ThrowExceptionForRC(Int32 rc, sqlite3 db)
   at Microsoft.Data.Sqlite.SqliteCommand.PrepareAndEnumerateStatements(Stopwatch timer)+MoveNext()
   at Microsoft.Data.Sqlite.SqliteCommand.ExecuteReader(CommandBehavior behavior)
   at Microsoft.Data.Sqlite.SqliteCommand.ExecuteReaderAsync(CommandBehavior behavior, CancellationToken cancellationToken)
   at Microsoft.Data.Sqlite.SqliteCommand.ExecuteDbDataReaderAsync(CommandBehavior behavior, CancellationToken cancellationToken)
   at Microsoft.EntityFrameworkCore.Storage.Internal.RelationalCommand.ExecuteAsync(IRelationalConnection connection, DbCommandMethod executeMethod, IReadOnlyDictionary`2 parameterValues, CancellationToken cancellationToken)
2018-12-18T22:40:49.1740232+05:00|ERR|0HLJ51VJ1ENUQ:00000002||Microsoft.EntityFrameworkCore.Query|An exception occurred while iterating over the results of a query for context type '"Sales.ApplicationContext"'."
""Microsoft.Data.Sqlite.SqliteException (0x80004005): SQLite Error 1: 'no such column: o.Product.OrderID'.
   at Microsoft.Data.Sqlite.SqliteException.ThrowExceptionForRC(Int32 rc, sqlite3 db)
   at Microsoft.Data.Sqlite.SqliteCommand.PrepareAndEnumerateStatements(Stopwatch timer)+MoveNext()
   at Microsoft.Data.Sqlite.SqliteCommand.ExecuteReader(CommandBehavior behavior)
   at Microsoft.Data.Sqlite.SqliteCommand.ExecuteReaderAsync(CommandBehavior behavior, CancellationToken cancellationToken)
   at Microsoft.Data.Sqlite.SqliteCommand.ExecuteDbDataReaderAsync(CommandBehavior behavior, CancellationToken cancellationToken)
   at Microsoft.EntityFrameworkCore.Storage.Internal.RelationalCommand.ExecuteAsync(IRelationalConnection connection, DbCommandMethod executeMethod, IReadOnlyDictionary`2 parameterValues, CancellationToken cancellationToken)
   at Microsoft.EntityFrameworkCore.Query.Internal.AsyncQueryingEnumerable`1.AsyncEnumerator.BufferlessMoveNext(DbContext _, Boolean buffer, CancellationToken cancellationToken)
   at Microsoft.EntityFrameworkCore.Query.Internal.AsyncQueryingEnumerable`1.AsyncEnumerator.MoveNext(CancellationToken cancellationToken)
   at Microsoft.EntityFrameworkCore.Query.Internal.QueryBuffer.IncludeCollectionAsync[TEntity,TRelated,TElement](Int32 includeId, INavigation navigation, INavigation inverseNavigation, IEntityType targetEntityType, IClrCollectionAccessor clrCollectionAccessor, IClrPropertySetter inverseClrPropertySetter, Boolean tracking, TEntity entity, Func`1 relatedEntitiesFactory, Func`3 joinPredicate, CancellationToken cancellationToken)
   at Microsoft.EntityFrameworkCore.Query.Internal.IncludeCompiler._IncludeAsync[TEntity](QueryContext queryContext, TEntity entity, Object[] included, Func`5 fixup, CancellationToken cancellationToken)
   at Microsoft.EntityFrameworkCore.Query.ExpressionVisitors.Internal.TaskLiftingExpressionVisitor._ExecuteAsync[T](IReadOnlyList`1 taskFactories, Func`2 selector)
   at Microsoft.EntityFrameworkCore.Query.Internal.AsyncLinqOperatorProvider.AsyncSelectEnumerable`2.AsyncSelectEnumerator.MoveNext(CancellationToken cancellationToken)
   at System.Linq.AsyncEnumerable.SelectEnumerableAsyncIterator`2.MoveNextCore(CancellationToken cancellationToken) in D:\a\1\s\Ix.NET\Source\System.Interactive.Async\Select.cs:line 106
   at System.Linq.AsyncEnumerable.AsyncIterator`1.MoveNext(CancellationToken cancellationToken) in D:\a\1\s\Ix.NET\Source\System.Interactive.Async\AsyncIterator.cs:line 98
   at Microsoft.EntityFrameworkCore.Query.Internal.AsyncLinqOperatorProvider.ExceptionInterceptor`1.EnumeratorExceptionInterceptor.MoveNext(CancellationToken cancellationToken)"
Microsoft.Data.Sqlite.SqliteException (0x80004005): SQLite Error 1: 'no such column: o.Product.OrderID'.
   at Microsoft.Data.Sqlite.SqliteException.ThrowExceptionForRC(Int32 rc, sqlite3 db)
   at Microsoft.Data.Sqlite.SqliteCommand.PrepareAndEnumerateStatements(Stopwatch timer)+MoveNext()
   at Microsoft.Data.Sqlite.SqliteCommand.ExecuteReader(CommandBehavior behavior)
   at Microsoft.Data.Sqlite.SqliteCommand.ExecuteReaderAsync(CommandBehavior behavior, CancellationToken cancellationToken)
   at Microsoft.Data.Sqlite.SqliteCommand.ExecuteDbDataReaderAsync(CommandBehavior behavior, CancellationToken cancellationToken)
   at Microsoft.EntityFrameworkCore.Storage.Internal.RelationalCommand.ExecuteAsync(IRelationalConnection connection, DbCommandMethod executeMethod, IReadOnlyDictionary`2 parameterValues, CancellationToken cancellationToken)
   at Microsoft.EntityFrameworkCore.Query.Internal.AsyncQueryingEnumerable`1.AsyncEnumerator.BufferlessMoveNext(DbContext _, Boolean buffer, CancellationToken cancellationToken)
   at Microsoft.EntityFrameworkCore.Query.Internal.AsyncQueryingEnumerable`1.AsyncEnumerator.MoveNext(CancellationToken cancellationToken)
   at Microsoft.EntityFrameworkCore.Query.Internal.QueryBuffer.IncludeCollectionAsync[TEntity,TRelated,TElement](Int32 includeId, INavigation navigation, INavigation inverseNavigation, IEntityType targetEntityType, IClrCollectionAccessor clrCollectionAccessor, IClrPropertySetter inverseClrPropertySetter, Boolean tracking, TEntity entity, Func`1 relatedEntitiesFactory, Func`3 joinPredicate, CancellationToken cancellationToken)
   at Microsoft.EntityFrameworkCore.Query.Internal.IncludeCompiler._IncludeAsync[TEntity](QueryContext queryContext, TEntity entity, Object[] included, Func`5 fixup, CancellationToken cancellationToken)
   at Microsoft.EntityFrameworkCore.Query.ExpressionVisitors.Internal.TaskLiftingExpressionVisitor._ExecuteAsync[T](IReadOnlyList`1 taskFactories, Func`2 selector)
   at Microsoft.EntityFrameworkCore.Query.Internal.AsyncLinqOperatorProvider.AsyncSelectEnumerable`2.AsyncSelectEnumerator.MoveNext(CancellationToken cancellationToken)
   at System.Linq.AsyncEnumerable.SelectEnumerableAsyncIterator`2.MoveNextCore(CancellationToken cancellationToken) in D:\a\1\s\Ix.NET\Source\System.Interactive.Async\Select.cs:line 106
   at System.Linq.AsyncEnumerable.AsyncIterator`1.MoveNext(CancellationToken cancellationToken) in D:\a\1\s\Ix.NET\Source\System.Interactive.Async\AsyncIterator.cs:line 98
   at Microsoft.EntityFrameworkCore.Query.Internal.AsyncLinqOperatorProvider.ExceptionInterceptor`1.EnumeratorExceptionInterceptor.MoveNext(CancellationToken cancellationToken)
2018-12-18T22:40:49.3350232+05:00|ERR|0HLJ51VJ1ENUQ:00000002||Microsoft.AspNetCore.Diagnostics.DeveloperExceptionPageMiddleware|An unhandled exception has occurred while executing the request.
Microsoft.Data.Sqlite.SqliteException (0x80004005): SQLite Error 1: 'no such column: o.Product.OrderID'.
   at Microsoft.Data.Sqlite.SqliteException.ThrowExceptionForRC(Int32 rc, sqlite3 db)
   at Microsoft.Data.Sqlite.SqliteCommand.PrepareAndEnumerateStatements(Stopwatch timer)+MoveNext()
   at Microsoft.Data.Sqlite.SqliteCommand.ExecuteReader(CommandBehavior behavior)
   at Microsoft.Data.Sqlite.SqliteCommand.ExecuteReaderAsync(CommandBehavior behavior, CancellationToken cancellationToken)
   at Microsoft.Data.Sqlite.SqliteCommand.ExecuteDbDataReaderAsync(CommandBehavior behavior, CancellationToken cancellationToken)
   at Microsoft.EntityFrameworkCore.Storage.Internal.RelationalCommand.ExecuteAsync(IRelationalConnection connection, DbCommandMethod executeMethod, IReadOnlyDictionary`2 parameterValues, CancellationToken cancellationToken)
   at Microsoft.EntityFrameworkCore.Query.Internal.AsyncQueryingEnumerable`1.AsyncEnumerator.BufferlessMoveNext(DbContext _, Boolean buffer, CancellationToken cancellationToken)
   at Microsoft.EntityFrameworkCore.Query.Internal.AsyncQueryingEnumerable`1.AsyncEnumerator.MoveNext(CancellationToken cancellationToken)
   at Microsoft.EntityFrameworkCore.Query.Internal.QueryBuffer.IncludeCollectionAsync[TEntity,TRelated,TElement](Int32 includeId, INavigation navigation, INavigation inverseNavigation, IEntityType targetEntityType, IClrCollectionAccessor clrCollectionAccessor, IClrPropertySetter inverseClrPropertySetter, Boolean tracking, TEntity entity, Func`1 relatedEntitiesFactory, Func`3 joinPredicate, CancellationToken cancellationToken)
   at Microsoft.EntityFrameworkCore.Query.Internal.IncludeCompiler._IncludeAsync[TEntity](QueryContext queryContext, TEntity entity, Object[] included, Func`5 fixup, CancellationToken cancellationToken)
   at Microsoft.EntityFrameworkCore.Query.ExpressionVisitors.Internal.TaskLiftingExpressionVisitor._ExecuteAsync[T](IReadOnlyList`1 taskFactories, Func`2 selector)
   at Microsoft.EntityFrameworkCore.Query.Internal.AsyncLinqOperatorProvider.AsyncSelectEnumerable`2.AsyncSelectEnumerator.MoveNext(CancellationToken cancellationToken)
   at System.Linq.AsyncEnumerable.SelectEnumerableAsyncIterator`2.MoveNextCore(CancellationToken cancellationToken) in D:\a\1\s\Ix.NET\Source\System.Interactive.Async\Select.cs:line 106
   at System.Linq.AsyncEnumerable.AsyncIterator`1.MoveNext(CancellationToken cancellationToken) in D:\a\1\s\Ix.NET\Source\System.Interactive.Async\AsyncIterator.cs:line 98
   at Microsoft.EntityFrameworkCore.Query.Internal.AsyncLinqOperatorProvider.ExceptionInterceptor`1.EnumeratorExceptionInterceptor.MoveNext(CancellationToken cancellationToken)
   at System.Linq.AsyncEnumerable.Aggregate_[TSource,TAccumulate,TResult](IAsyncEnumerable`1 source, TAccumulate seed, Func`3 accumulator, Func`2 resultSelector, CancellationToken cancellationToken) in D:\a\1\s\Ix.NET\Source\System.Interactive.Async\Aggregate.cs:line 120
   at Sales.Repositories.OrderRepository.GetAsync(DateTime periodStart, DateTime periodEnd) in C:\Projects\Sales\Sales\Repositories\OrderRepository.cs:line 26
   at Sales.Services.OrderService.GetOrders(DateTime dateFrom, DateTime dateEnd) in C:\Projects\Sales\Sales\Services\OrderService.cs:line 25
   at Sales.Services.ExcelService.ExportReport(Nullable`1 dateStart, Nullable`1 dateEnd) in C:\Projects\Sales\Sales\Services\ExcelService.cs:line 49
   at Sales.Controllers.OrderController.ToExcel(DateTime dateFrom, DateTime dateTo) in C:\Projects\Sales\Sales\Controllers\OrderController.cs:line 32
   at Microsoft.AspNetCore.Mvc.Internal.ActionMethodExecutor.TaskOfIActionResultExecutor.Execute(IActionResultTypeMapper mapper, ObjectMethodExecutor executor, Object controller, Object[] arguments)
   at System.Threading.Tasks.ValueTask`1.get_Result()
   at Microsoft.AspNetCore.Mvc.Internal.ControllerActionInvoker.InvokeActionMethodAsync()
   at Microsoft.AspNetCore.Mvc.Internal.ControllerActionInvoker.InvokeNextActionFilterAsync()
   at Microsoft.AspNetCore.Mvc.Internal.ControllerActionInvoker.Rethrow(ActionExecutedContext context)
   at Microsoft.AspNetCore.Mvc.Internal.ControllerActionInvoker.Next(State& next, Scope& scope, Object& state, Boolean& isCompleted)
   at Microsoft.AspNetCore.Mvc.Internal.ControllerActionInvoker.InvokeInnerFilterAsync()
   at Microsoft.AspNetCore.Mvc.Internal.ResourceInvoker.InvokeNextResourceFilter()
   at Microsoft.AspNetCore.Mvc.Internal.ResourceInvoker.Rethrow(ResourceExecutedContext context)
   at Microsoft.AspNetCore.Mvc.Internal.ResourceInvoker.Next(State& next, Scope& scope, Object& state, Boolean& isCompleted)
   at Microsoft.AspNetCore.Mvc.Internal.ResourceInvoker.InvokeFilterPipelineAsync()
   at Microsoft.AspNetCore.Mvc.Internal.ResourceInvoker.InvokeAsync()
   at Microsoft.AspNetCore.Builder.RouterMiddleware.Invoke(HttpContext httpContext)
   at Microsoft.AspNetCore.StaticFiles.StaticFileMiddleware.Invoke(HttpContext context)
   at Microsoft.AspNetCore.Diagnostics.DeveloperExceptionPageMiddleware.Invoke(HttpContext context)
2018-12-18T22:42:38.1270232+05:00|INF||||Starting up
2018-12-18T22:42:39.9950232+05:00|ERR|0HLJ520Q1JHDS:00000001||Microsoft.AspNetCore.Diagnostics.DeveloperExceptionPageMiddleware|An unhandled exception has occurred while executing the request.
System.InvalidOperationException: Unable to determine the relationship represented by navigation property 'Order.Product' of type 'ICollection<Product>'. Either manually configure the relationship, or ignore this property using the '[NotMapped]' attribute or by using 'EntityTypeBuilder.Ignore' in 'OnModelCreating'.
   at Microsoft.EntityFrameworkCore.Metadata.Conventions.Internal.PropertyMappingValidationConvention.Apply(InternalModelBuilder modelBuilder)
   at Microsoft.EntityFrameworkCore.Metadata.Conventions.Internal.ConventionDispatcher.ImmediateConventionScope.OnModelBuilt(InternalModelBuilder modelBuilder)
   at Microsoft.EntityFrameworkCore.Metadata.Conventions.Internal.ConventionDispatcher.OnModelBuilt(InternalModelBuilder modelBuilder)
   at Microsoft.EntityFrameworkCore.Metadata.Internal.Model.Validate()
   at Microsoft.EntityFrameworkCore.ModelBuilder.FinalizeModel()
   at Microsoft.EntityFrameworkCore.Infrastructure.ModelSource.CreateModel(DbContext context, IConventionSetBuilder conventionSetBuilder, IModelValidator validator)
   at Microsoft.EntityFrameworkCore.Infrastructure.ModelSource.<>c__DisplayClass5_0.<GetModel>b__1()
   at System.Lazy`1.ViaFactory(LazyThreadSafetyMode mode)
   at System.Lazy`1.ExecutionAndPublication(LazyHelper executionAndPublication, Boolean useDefaultConstructor)
   at System.Lazy`1.CreateValue()
   at Microsoft.EntityFrameworkCore.Infrastructure.ModelSource.GetModel(DbContext context, IConventionSetBuilder conventionSetBuilder, IModelValidator validator)
   at Microsoft.EntityFrameworkCore.Internal.DbContextServices.CreateModel()
   at Microsoft.EntityFrameworkCore.Internal.DbContextServices.get_Model()
   at Microsoft.EntityFrameworkCore.Infrastructure.EntityFrameworkServicesBuilder.<>c.<TryAddCoreServices>b__7_2(IServiceProvider p)
   at Microsoft.Extensions.DependencyInjection.ServiceLookup.CallSiteRuntimeResolver.VisitFactory(FactoryCallSite factoryCallSite, ServiceProviderEngineScope scope)
   at Microsoft.Extensions.DependencyInjection.ServiceLookup.CallSiteVisitor`2.VisitCallSite(IServiceCallSite callSite, TArgument argument)
   at Microsoft.Extensions.DependencyInjection.ServiceLookup.CallSiteRuntimeResolver.VisitScoped(ScopedCallSite scopedCallSite, ServiceProviderEngineScope scope)
   at Microsoft.Extensions.DependencyInjection.ServiceLookup.CallSiteVisitor`2.VisitCallSite(IServiceCallSite callSite, TArgument argument)
   at Microsoft.Extensions.DependencyInjection.ServiceLookup.CallSiteRuntimeResolver.VisitConstructor(ConstructorCallSite constructorCallSite, ServiceProviderEngineScope scope)
   at Microsoft.Extensions.DependencyInjection.ServiceLookup.CallSiteVisitor`2.VisitCallSite(IServiceCallSite callSite, TArgument argument)
   at Microsoft.Extensions.DependencyInjection.ServiceLookup.CallSiteRuntimeResolver.VisitScoped(ScopedCallSite scopedCallSite, ServiceProviderEngineScope scope)
   at Microsoft.Extensions.DependencyInjection.ServiceLookup.CallSiteVisitor`2.VisitCallSite(IServiceCallSite callSite, TArgument argument)
   at Microsoft.Extensions.DependencyInjection.ServiceLookup.DynamicServiceProviderEngine.<>c__DisplayClass1_0.<RealizeService>b__0(ServiceProviderEngineScope scope)
   at Microsoft.Extensions.DependencyInjection.ServiceLookup.ServiceProviderEngine.GetService(Type serviceType, ServiceProviderEngineScope serviceProviderEngineScope)
   at Microsoft.Extensions.DependencyInjection.ServiceLookup.ServiceProviderEngineScope.GetService(Type serviceType)
   at Microsoft.Extensions.DependencyInjection.ServiceProviderServiceExtensions.GetRequiredService(IServiceProvider provider, Type serviceType)
   at Microsoft.Extensions.DependencyInjection.ServiceProviderServiceExtensions.GetRequiredService[T](IServiceProvider provider)
   at Microsoft.EntityFrameworkCore.DbContext.get_DbContextDependencies()
   at Microsoft.EntityFrameworkCore.DbContext.get_InternalServiceProvider()
   at Microsoft.EntityFrameworkCore.DbContext.get_DbContextDependencies()
   at Microsoft.EntityFrameworkCore.DbContext.get_Model()
   at Microsoft.EntityFrameworkCore.Internal.InternalDbSet`1.get_EntityType()
   at Microsoft.EntityFrameworkCore.Internal.InternalDbSet`1.get_EntityQueryable()
   at Microsoft.EntityFrameworkCore.Internal.InternalDbSet`1.Microsoft.EntityFrameworkCore.Query.Internal.IAsyncEnumerableAccessor<TEntity>.get_AsyncEnumerable()
   at Microsoft.EntityFrameworkCore.Extensions.Internal.QueryableExtensions.AsAsyncEnumerable[TSource](IQueryable`1 source)
   at Microsoft.EntityFrameworkCore.EntityFrameworkQueryableExtensions.ToListAsync[TSource](IQueryable`1 source, CancellationToken cancellationToken)
   at Sales.Repositories.OrderRepository.GetAsync() in C:\Projects\Sales\Sales\Repositories\OrderRepository.cs:line 21
   at Sales.Services.OrderService.GetOrders() in C:\Projects\Sales\Sales\Services\OrderService.cs:line 20
   at Sales.Controllers.OrderController.List() in C:\Projects\Sales\Sales\Controllers\OrderController.cs:line 24
   at lambda_method(Closure , Object )
   at Microsoft.Extensions.Internal.ObjectMethodExecutorAwaitable.Awaiter.GetResult()
   at Microsoft.AspNetCore.Mvc.Internal.ActionMethodExecutor.TaskOfActionResultExecutor.Execute(IActionResultTypeMapper mapper, ObjectMethodExecutor executor, Object controller, Object[] arguments)
   at System.Threading.Tasks.ValueTask`1.get_Result()
   at Microsoft.AspNetCore.Mvc.Internal.ControllerActionInvoker.InvokeActionMethodAsync()
   at Microsoft.AspNetCore.Mvc.Internal.ControllerActionInvoker.InvokeNextActionFilterAsync()
   at Microsoft.AspNetCore.Mvc.Internal.ControllerActionInvoker.Rethrow(ActionExecutedContext context)
   at Microsoft.AspNetCore.Mvc.Internal.ControllerActionInvoker.Next(State& next, Scope& scope, Object& state, Boolean& isCompleted)
   at Microsoft.AspNetCore.Mvc.Internal.ControllerActionInvoker.InvokeInnerFilterAsync()
   at Microsoft.AspNetCore.Mvc.Internal.ResourceInvoker.InvokeNextResourceFilter()
   at Microsoft.AspNetCore.Mvc.Internal.ResourceInvoker.Rethrow(ResourceExecutedContext context)
   at Microsoft.AspNetCore.Mvc.Internal.ResourceInvoker.Next(State& next, Scope& scope, Object& state, Boolean& isCompleted)
   at Microsoft.AspNetCore.Mvc.Internal.ResourceInvoker.InvokeFilterPipelineAsync()
   at Microsoft.AspNetCore.Mvc.Internal.ResourceInvoker.InvokeAsync()
   at Microsoft.AspNetCore.Builder.RouterMiddleware.Invoke(HttpContext httpContext)
   at Microsoft.AspNetCore.StaticFiles.StaticFileMiddleware.Invoke(HttpContext context)
   at Microsoft.AspNetCore.Diagnostics.DeveloperExceptionPageMiddleware.Invoke(HttpContext context)
2018-12-18T22:43:30.6310232+05:00|INF||||Starting up
2018-12-18T22:48:19.2550232+05:00|INF||||Starting up
2018-12-18T22:51:09.3740232+05:00|INF||||Starting up
2018-12-18T23:41:35.7430147+05:00|INF||||Starting up
2018-12-18T23:47:16.0340147+05:00|INF||||Starting up
2018-12-18T23:47:31.8300147+05:00|ERR|0HLJ534TOP4QN:00000002||Microsoft.AspNetCore.Diagnostics.DeveloperExceptionPageMiddleware|An unhandled exception has occurred while executing the request.
NPOI.SS.Formula.FormulaParseException: Specified named range 'E0' does not exist in the current workbook.
   at NPOI.SS.Formula.FormulaParser.ParseNonRange(Int32 savePointer)
   at NPOI.SS.Formula.FormulaParser.ParseRangeExpression()
   at NPOI.SS.Formula.FormulaParser.PercentFactor()
   at NPOI.SS.Formula.FormulaParser.PowerFactor()
   at NPOI.SS.Formula.FormulaParser.Term()
   at NPOI.SS.Formula.FormulaParser.AdditiveExpression()
   at NPOI.SS.Formula.FormulaParser.ConcatExpression()
   at NPOI.SS.Formula.FormulaParser.ComparisonExpression()
   at NPOI.SS.Formula.FormulaParser.UnionExpression()
   at NPOI.SS.Formula.FormulaParser.Parse()
   at NPOI.SS.Formula.FormulaParser.Parse(String formula, IFormulaParsingWorkbook workbook, FormulaType formulaType, Int32 sheetIndex)
   at NPOI.XSSF.UserModel.XSSFCell.SetFormula(String formula, FormulaType formulaType)
   at Sales.Services.ExcelService.ExportReport(Nullable`1 dateStart, Nullable`1 dateEnd) in C:\Projects\Sales\Sales\Services\ExcelService.cs:line 72
   at Sales.Controllers.OrderController.ToExcel(DateTime dateFrom, DateTime dateTo) in C:\Projects\Sales\Sales\Controllers\OrderController.cs:line 32
   at Microsoft.AspNetCore.Mvc.Internal.ActionMethodExecutor.TaskOfIActionResultExecutor.Execute(IActionResultTypeMapper mapper, ObjectMethodExecutor executor, Object controller, Object[] arguments)
   at System.Threading.Tasks.ValueTask`1.get_Result()
   at Microsoft.AspNetCore.Mvc.Internal.ControllerActionInvoker.InvokeActionMethodAsync()
   at Microsoft.AspNetCore.Mvc.Internal.ControllerActionInvoker.InvokeNextActionFilterAsync()
   at Microsoft.AspNetCore.Mvc.Internal.ControllerActionInvoker.Rethrow(ActionExecutedContext context)
   at Microsoft.AspNetCore.Mvc.Internal.ControllerActionInvoker.Next(State& next, Scope& scope, Object& state, Boolean& isCompleted)
   at Microsoft.AspNetCore.Mvc.Internal.ControllerActionInvoker.InvokeInnerFilterAsync()
   at Microsoft.AspNetCore.Mvc.Internal.ResourceInvoker.InvokeNextResourceFilter()
   at Microsoft.AspNetCore.Mvc.Internal.ResourceInvoker.Rethrow(ResourceExecutedContext context)
   at Microsoft.AspNetCore.Mvc.Internal.ResourceInvoker.Next(State& next, Scope& scope, Object& state, Boolean& isCompleted)
   at Microsoft.AspNetCore.Mvc.Internal.ResourceInvoker.InvokeFilterPipelineAsync()
   at Microsoft.AspNetCore.Mvc.Internal.ResourceInvoker.InvokeAsync()
   at Microsoft.AspNetCore.Builder.RouterMiddleware.Invoke(HttpContext httpContext)
   at Microsoft.AspNetCore.StaticFiles.StaticFileMiddleware.Invoke(HttpContext context)
   at Microsoft.AspNetCore.Diagnostics.DeveloperExceptionPageMiddleware.Invoke(HttpContext context)
2018-12-18T23:48:17.1100147+05:00|INF||||Starting up
2018-12-18T23:48:28.4580147+05:00|ERR|0HLJ535G2PSN6:00000002||Microsoft.AspNetCore.Diagnostics.DeveloperExceptionPageMiddleware|An unhandled exception has occurred while executing the request.
NPOI.SS.Formula.FormulaParseException: Specified named range 'E0' does not exist in the current workbook.
   at NPOI.SS.Formula.FormulaParser.ParseNonRange(Int32 savePointer)
   at NPOI.SS.Formula.FormulaParser.ParseRangeExpression()
   at NPOI.SS.Formula.FormulaParser.PercentFactor()
   at NPOI.SS.Formula.FormulaParser.PowerFactor()
   at NPOI.SS.Formula.FormulaParser.Term()
   at NPOI.SS.Formula.FormulaParser.AdditiveExpression()
   at NPOI.SS.Formula.FormulaParser.ConcatExpression()
   at NPOI.SS.Formula.FormulaParser.ComparisonExpression()
   at NPOI.SS.Formula.FormulaParser.UnionExpression()
   at NPOI.SS.Formula.FormulaParser.Parse()
   at NPOI.SS.Formula.FormulaParser.Parse(String formula, IFormulaParsingWorkbook workbook, FormulaType formulaType, Int32 sheetIndex)
   at NPOI.XSSF.UserModel.XSSFCell.SetFormula(String formula, FormulaType formulaType)
   at Sales.Services.ExcelService.ExportReport(Nullable`1 dateStart, Nullable`1 dateEnd) in C:\Projects\Sales\Sales\Services\ExcelService.cs:line 72
   at Sales.Controllers.OrderController.ToExcel(DateTime dateFrom, DateTime dateTo) in C:\Projects\Sales\Sales\Controllers\OrderController.cs:line 32
   at Microsoft.AspNetCore.Mvc.Internal.ActionMethodExecutor.TaskOfIActionResultExecutor.Execute(IActionResultTypeMapper mapper, ObjectMethodExecutor executor, Object controller, Object[] arguments)
   at System.Threading.Tasks.ValueTask`1.get_Result()
   at Microsoft.AspNetCore.Mvc.Internal.ControllerActionInvoker.InvokeActionMethodAsync()
   at Microsoft.AspNetCore.Mvc.Internal.ControllerActionInvoker.InvokeNextActionFilterAsync()
   at Microsoft.AspNetCore.Mvc.Internal.ControllerActionInvoker.Rethrow(ActionExecutedContext context)
   at Microsoft.AspNetCore.Mvc.Internal.ControllerActionInvoker.Next(State& next, Scope& scope, Object& state, Boolean& isCompleted)
   at Microsoft.AspNetCore.Mvc.Internal.ControllerActionInvoker.InvokeInnerFilterAsync()
   at Microsoft.AspNetCore.Mvc.Internal.ResourceInvoker.InvokeNextResourceFilter()
   at Microsoft.AspNetCore.Mvc.Internal.ResourceInvoker.Rethrow(ResourceExecutedContext context)
   at Microsoft.AspNetCore.Mvc.Internal.ResourceInvoker.Next(State& next, Scope& scope, Object& state, Boolean& isCompleted)
   at Microsoft.AspNetCore.Mvc.Internal.ResourceInvoker.InvokeFilterPipelineAsync()
   at Microsoft.AspNetCore.Mvc.Internal.ResourceInvoker.InvokeAsync()
   at Microsoft.AspNetCore.Builder.RouterMiddleware.Invoke(HttpContext httpContext)
   at Microsoft.AspNetCore.StaticFiles.StaticFileMiddleware.Invoke(HttpContext context)
   at Microsoft.AspNetCore.Diagnostics.DeveloperExceptionPageMiddleware.Invoke(HttpContext context)
2018-12-18T23:51:25.5760147+05:00|INF||||Starting up
2018-12-18T23:52:51.5840147+05:00|INF||||Starting up
2018-12-18T23:53:58.6630147+05:00|INF||||Starting up
2018-12-18T23:55:13.0190147+05:00|INF||||Starting up
2018-12-18T23:59:33.6890147+05:00|INF||||Starting up
